# JRE version: OpenJDK Runtime Environment (8.0_202-b03) (build 1.8.0_202-release-1483-b03)
# Java VM: OpenJDK 64-Bit Server VM (25.202-b03 mixed mode windows-amd64 compressed oops)
Heap:
 PSYoungGen      total 431616K, used 242858K [0x00000000e0000000, 0x00000000ffa00000, 0x0000000100000000)
  eden space 345088K, 69% used [0x00000000e0000000,0x00000000ee95ead8,0x00000000f5100000)
  from space 86528K, 4% used [0x00000000fa400000,0x00000000fa7cbe98,0x00000000ff880000)
  to   space 84992K, 0% used [0x00000000f5100000,0x00000000f5100000,0x00000000fa400000)
 ParOldGen       total 245760K, used 121534K [0x00000000a0000000, 0x00000000af000000, 0x00000000e0000000)
  object space 245760K, 49% used [0x00000000a0000000,0x00000000a76afbe8,0x00000000af000000)
 Metaspace       used 121509K, capacity 129476K, committed 129624K, reserved 1163264K
  class space    used 14860K, capacity 16424K, committed 16512K, reserved 1048576K
GC Heap History (10 events):
Event: 10080.671 GC heap before
{Heap before GC invocations=57 (full 5):
 PSYoungGen      total 347136K, used 346893K [0x00000000e0000000, 0x00000000ff800000, 0x0000000100000000)
  eden space 321536K, 100% used [0x00000000e0000000,0x00000000f3a00000,0x00000000f3a00000)
  from space 25600K, 99% used [0x00000000f3a00000,0x00000000f52c35b0,0x00000000f5300000)
  to   space 96256K, 0% used [0x00000000f9a00000,0x00000000f9a00000,0x00000000ff800000)
 ParOldGen       total 245760K, used 117941K [0x00000000a0000000, 0x00000000af000000, 0x00000000e0000000)
  object space 245760K, 47% used [0x00000000a0000000,0x00000000a732d600,0x00000000af000000)
 Metaspace       used 109858K, capacity 116984K, committed 117208K, reserved 1150976K
  class space    used 13450K, capacity 14827K, committed 14848K, reserved 1048576K
Event: 10080.679 GC heap after
Heap after GC invocations=57 (full 5):
 PSYoungGen      total 420864K, used 6976K [0x00000000e0000000, 0x0000000100000000, 0x0000000100000000)
  eden space 324608K, 0% used [0x00000000e0000000,0x00000000e0000000,0x00000000f3d00000)
  from space 96256K, 7% used [0x00000000f9a00000,0x00000000fa0d0040,0x00000000ff800000)
  to   space 95232K, 0% used [0x00000000f3d00000,0x00000000f3d00000,0x00000000f9a00000)
 ParOldGen       total 245760K, used 118218K [0x00000000a0000000, 0x00000000af000000, 0x00000000e0000000)
  object space 245760K, 48% used [0x00000000a0000000,0x00000000a7372a18,0x00000000af000000)
 Metaspace       used 109858K, capacity 116984K, committed 117208K, reserved 1150976K
  class space    used 13450K, capacity 14827K, committed 14848K, reserved 1048576K
}
Event: 10082.401 GC heap before
{Heap before GC invocations=58 (full 5):
 PSYoungGen      total 420864K, used 331378K [0x00000000e0000000, 0x0000000100000000, 0x0000000100000000)
  eden space 324608K, 99% used [0x00000000e0000000,0x00000000f3ccc9f8,0x00000000f3d00000)
  from space 96256K, 7% used [0x00000000f9a00000,0x00000000fa0d0040,0x00000000ff800000)
  to   space 95232K, 0% used [0x00000000f3d00000,0x00000000f3d00000,0x00000000f9a00000)
 ParOldGen       total 245760K, used 118218K [0x00000000a0000000, 0x00000000af000000, 0x00000000e0000000)
  object space 245760K, 48% used [0x00000000a0000000,0x00000000a7372a18,0x00000000af000000)
 Metaspace       used 111025K, capacity 118246K, committed 118360K, reserved 1153024K
  class space    used 13567K, capacity 14968K, committed 14976K, reserved 1048576K
Event: 10082.443 GC heap after
Heap after GC invocations=58 (full 5):
 PSYoungGen      total 419840K, used 16045K [0x00000000e0000000, 0x00000000ff900000, 0x0000000100000000)
  eden space 324608K, 0% used [0x00000000e0000000,0x00000000e0000000,0x00000000f3d00000)
  from space 95232K, 16% used [0x00000000f3d00000,0x00000000f4cab558,0x00000000f9a00000)
  to   space 92160K, 0% used [0x00000000f9f00000,0x00000000f9f00000,0x00000000ff900000)
 ParOldGen       total 245760K, used 118530K [0x00000000a0000000, 0x00000000af000000, 0x00000000e0000000)
  object space 245760K, 48% used [0x00000000a0000000,0x00000000a73c0a38,0x00000000af000000)
 Metaspace       used 111025K, capacity 118246K, committed 118360K, reserved 1153024K
  class space    used 13567K, capacity 14968K, committed 14976K, reserved 1048576K
}
Event: 11444.346 GC heap before
{Heap before GC invocations=59 (full 5):
 PSYoungGen      total 419840K, used 340653K [0x00000000e0000000, 0x00000000ff900000, 0x0000000100000000)
  eden space 324608K, 100% used [0x00000000e0000000,0x00000000f3d00000,0x00000000f3d00000)
  from space 95232K, 16% used [0x00000000f3d00000,0x00000000f4cab558,0x00000000f9a00000)
  to   space 92160K, 0% used [0x00000000f9f00000,0x00000000f9f00000,0x00000000ff900000)
 ParOldGen       total 245760K, used 118530K [0x00000000a0000000, 0x00000000af000000, 0x00000000e0000000)
  object space 245760K, 48% used [0x00000000a0000000,0x00000000a73c0a38,0x00000000af000000)
 Metaspace       used 111038K, capacity 118246K, committed 118360K, reserved 1153024K
  class space    used 13567K, capacity 14968K, committed 14976K, reserved 1048576K
Event: 11444.357 GC heap after
Heap after GC invocations=59 (full 5):
 PSYoungGen      total 426496K, used 12480K [0x00000000e0000000, 0x00000000ff800000, 0x0000000100000000)
  eden space 335360K, 0% used [0x00000000e0000000,0x00000000e0000000,0x00000000f4780000)
  from space 91136K, 13% used [0x00000000f9f00000,0x00000000fab30010,0x00000000ff800000)
  to   space 89600K, 0% used [0x00000000f4780000,0x00000000f4780000,0x00000000f9f00000)
 ParOldGen       total 245760K, used 121526K [0x00000000a0000000, 0x00000000af000000, 0x00000000e0000000)
  object space 245760K, 49% used [0x00000000a0000000,0x00000000a76adbe8,0x00000000af000000)
 Metaspace       used 111038K, capacity 118246K, committed 118360K, reserved 1153024K
  class space    used 13567K, capacity 14968K, committed 14976K, reserved 1048576K
}
Event: 11446.193 GC heap before
{Heap before GC invocations=60 (full 5):
 PSYoungGen      total 426496K, used 347840K [0x00000000e0000000, 0x00000000ff800000, 0x0000000100000000)
  eden space 335360K, 100% used [0x00000000e0000000,0x00000000f4780000,0x00000000f4780000)
  from space 91136K, 13% used [0x00000000f9f00000,0x00000000fab30010,0x00000000ff800000)
  to   space 89600K, 0% used [0x00000000f4780000,0x00000000f4780000,0x00000000f9f00000)
 ParOldGen       total 245760K, used 121526K [0x00000000a0000000, 0x00000000af000000, 0x00000000e0000000)
  object space 245760K, 49% used [0x00000000a0000000,0x00000000a76adbe8,0x00000000af000000)
 Metaspace       used 112187K, capacity 119420K, committed 119640K, reserved 1153024K
  class space    used 13682K, capacity 15105K, committed 15232K, reserved 1048576K
Event: 11446.212 GC heap after
Heap after GC invocations=60 (full 5):
 PSYoungGen      total 424960K, used 12138K [0x00000000e0000000, 0x00000000ff880000, 0x0000000100000000)
  eden space 335360K, 0% used [0x00000000e0000000,0x00000000e0000000,0x00000000f4780000)
  from space 89600K, 13% used [0x00000000f4780000,0x00000000f535abc0,0x00000000f9f00000)
  to   space 86528K, 0% used [0x00000000fa400000,0x00000000fa400000,0x00000000ff880000)
 ParOldGen       total 245760K, used 121526K [0x00000000a0000000, 0x00000000af000000, 0x00000000e0000000)
  object space 245760K, 49% used [0x00000000a0000000,0x00000000a76adbe8,0x00000000af000000)
 Metaspace       used 112187K, capacity 119420K, committed 119640K, reserved 1153024K
  class space    used 13682K, capacity 15105K, committed 15232K, reserved 1048576K
}
Event: 11621.804 GC heap before
{Heap before GC invocations=61 (full 5):
 PSYoungGen      total 424960K, used 347498K [0x00000000e0000000, 0x00000000ff880000, 0x0000000100000000)
  eden space 335360K, 100% used [0x00000000e0000000,0x00000000f4780000,0x00000000f4780000)
  from space 89600K, 13% used [0x00000000f4780000,0x00000000f535abc0,0x00000000f9f00000)
  to   space 86528K, 0% used [0x00000000fa400000,0x00000000fa400000,0x00000000ff880000)
 ParOldGen       total 245760K, used 121526K [0x00000000a0000000, 0x00000000af000000, 0x00000000e0000000)
  object space 245760K, 49% used [0x00000000a0000000,0x00000000a76adbe8,0x00000000af000000)
 Metaspace       used 112244K, capacity 119496K, committed 119640K, reserved 1153024K
  class space    used 13682K, capacity 15105K, committed 15232K, reserved 1048576K
Event: 11621.812 GC heap after
Heap after GC invocations=61 (full 5):
 PSYoungGen      total 431616K, used 3887K [0x00000000e0000000, 0x00000000ffa00000, 0x0000000100000000)
  eden space 345088K, 0% used [0x00000000e0000000,0x00000000e0000000,0x00000000f5100000)
  from space 86528K, 4% used [0x00000000fa400000,0x00000000fa7cbe98,0x00000000ff880000)
  to   space 84992K, 0% used [0x00000000f5100000,0x00000000f5100000,0x00000000fa400000)
 ParOldGen       total 245760K, used 121534K [0x00000000a0000000, 0x00000000af000000, 0x00000000e0000000)
  object space 245760K, 49% used [0x00000000a0000000,0x00000000a76afbe8,0x00000000af000000)
 Metaspace       used 112244K, capacity 119496K, committed 119640K, reserved 1153024K
  class space    used 13682K, capacity 15105K, committed 15232K, reserved 1048576K
}

