# JRE version: OpenJDK Runtime Environment (8.0_202-b03) (build 1.8.0_202-release-1483-b03)
# Java VM: OpenJDK 64-Bit Server VM (25.202-b03 mixed mode windows-amd64 compressed oops)
Heap:
 PSYoungGen      total 227840K, used 179561K [0x00000000e0000000, 0x00000000ef100000, 0x0000000100000000)
  eden space 210432K, 85% used [0x00000000e0000000,0x00000000eaf5a560,0x00000000ecd80000)
  from space 17408K, 0% used [0x00000000edd00000,0x00000000edd00000,0x00000000eee00000)
  to   space 15872K, 0% used [0x00000000ecd80000,0x00000000ecd80000,0x00000000edd00000)
 ParOldGen       total 151040K, used 33110K [0x00000000a0000000, 0x00000000a9380000, 0x00000000e0000000)
  object space 151040K, 21% used [0x00000000a0000000,0x00000000a20559a8,0x00000000a9380000)
 Metaspace       used 64884K, capacity 67528K, committed 67840K, reserved 1107968K
  class space    used 8860K, capacity 9399K, committed 9472K, reserved 1048576K
GC Heap History (10 events):
Event: 4.369 GC heap before
{Heap before GC invocations=7 (full 1):
 PSYoungGen      total 138240K, used 52064K [0x00000000e0000000, 0x00000000eee00000, 0x0000000100000000)
  eden space 133120K, 35% used [0x00000000e0000000,0x00000000e2ddc0b8,0x00000000e8200000)
  from space 5120K, 99% used [0x00000000e8200000,0x00000000e86fc010,0x00000000e8700000)
  to   space 17408K, 0% used [0x00000000edd00000,0x00000000edd00000,0x00000000eee00000)
 ParOldGen       total 68096K, used 20991K [0x00000000a0000000, 0x00000000a4280000, 0x00000000e0000000)
  object space 68096K, 30% used [0x00000000a0000000,0x00000000a147fc18,0x00000000a4280000)
 Metaspace       used 34528K, capacity 35456K, committed 35496K, reserved 1079296K
  class space    used 4782K, capacity 4968K, committed 4992K, reserved 1048576K
Event: 4.388 GC heap after
Heap after GC invocations=7 (full 1):
 PSYoungGen      total 227840K, used 8682K [0x00000000e0000000, 0x00000000ef100000, 0x0000000100000000)
  eden space 210432K, 0% used [0x00000000e0000000,0x00000000e0000000,0x00000000ecd80000)
  from space 17408K, 49% used [0x00000000edd00000,0x00000000ee57aae8,0x00000000eee00000)
  to   space 15872K, 0% used [0x00000000ecd80000,0x00000000ecd80000,0x00000000edd00000)
 ParOldGen       total 68096K, used 20999K [0x00000000a0000000, 0x00000000a4280000, 0x00000000e0000000)
  object space 68096K, 30% used [0x00000000a0000000,0x00000000a1481c18,0x00000000a4280000)
 Metaspace       used 34528K, capacity 35456K, committed 35496K, reserved 1079296K
  class space    used 4782K, capacity 4968K, committed 4992K, reserved 1048576K
}
Event: 4.388 GC heap before
{Heap before GC invocations=8 (full 2):
 PSYoungGen      total 227840K, used 8682K [0x00000000e0000000, 0x00000000ef100000, 0x0000000100000000)
  eden space 210432K, 0% used [0x00000000e0000000,0x00000000e0000000,0x00000000ecd80000)
  from space 17408K, 49% used [0x00000000edd00000,0x00000000ee57aae8,0x00000000eee00000)
  to   space 15872K, 0% used [0x00000000ecd80000,0x00000000ecd80000,0x00000000edd00000)
 ParOldGen       total 68096K, used 20999K [0x00000000a0000000, 0x00000000a4280000, 0x00000000e0000000)
  object space 68096K, 30% used [0x00000000a0000000,0x00000000a1481c18,0x00000000a4280000)
 Metaspace       used 34528K, capacity 35456K, committed 35496K, reserved 1079296K
  class space    used 4782K, capacity 4968K, committed 4992K, reserved 1048576K
Event: 4.498 GC heap after
Heap after GC invocations=8 (full 2):
 PSYoungGen      total 227840K, used 0K [0x00000000e0000000, 0x00000000ef100000, 0x0000000100000000)
  eden space 210432K, 0% used [0x00000000e0000000,0x00000000e0000000,0x00000000ecd80000)
  from space 17408K, 0% used [0x00000000edd00000,0x00000000edd00000,0x00000000eee00000)
  to   space 15872K, 0% used [0x00000000ecd80000,0x00000000ecd80000,0x00000000edd00000)
 ParOldGen       total 113152K, used 24548K [0x00000000a0000000, 0x00000000a6e80000, 0x00000000e0000000)
  object space 113152K, 21% used [0x00000000a0000000,0x00000000a17f92d0,0x00000000a6e80000)
 Metaspace       used 34526K, capacity 35450K, committed 35496K, reserved 1079296K
  class space    used 4781K, capacity 4967K, committed 4992K, reserved 1048576K
}
Event: 6.784 GC heap before
{Heap before GC invocations=9 (full 2):
 PSYoungGen      total 227840K, used 210432K [0x00000000e0000000, 0x00000000ef100000, 0x0000000100000000)
  eden space 210432K, 100% used [0x00000000e0000000,0x00000000ecd80000,0x00000000ecd80000)
  from space 17408K, 0% used [0x00000000edd00000,0x00000000edd00000,0x00000000eee00000)
  to   space 15872K, 0% used [0x00000000ecd80000,0x00000000ecd80000,0x00000000edd00000)
 ParOldGen       total 113152K, used 24548K [0x00000000a0000000, 0x00000000a6e80000, 0x00000000e0000000)
  object space 113152K, 21% used [0x00000000a0000000,0x00000000a17f92d0,0x00000000a6e80000)
 Metaspace       used 52414K, capacity 54302K, committed 54400K, reserved 1095680K
  class space    used 7130K, capacity 7527K, committed 7552K, reserved 1048576K
Event: 6.813 GC heap after
Heap after GC invocations=9 (full 2):
 PSYoungGen      total 226304K, used 15868K [0x00000000e0000000, 0x00000000ef100000, 0x0000000100000000)
  eden space 210432K, 0% used [0x00000000e0000000,0x00000000e0000000,0x00000000ecd80000)
  from space 15872K, 99% used [0x00000000ecd80000,0x00000000edcff048,0x00000000edd00000)
  to   space 17408K, 0% used [0x00000000edd00000,0x00000000edd00000,0x00000000eee00000)
 ParOldGen       total 113152K, used 33932K [0x00000000a0000000, 0x00000000a6e80000, 0x00000000e0000000)
  object space 113152K, 29% used [0x00000000a0000000,0x00000000a2123248,0x00000000a6e80000)
 Metaspace       used 52414K, capacity 54302K, committed 54400K, reserved 1095680K
  class space    used 7130K, capacity 7527K, committed 7552K, reserved 1048576K
}
Event: 7.822 GC heap before
{Heap before GC invocations=10 (full 2):
 PSYoungGen      total 226304K, used 107225K [0x00000000e0000000, 0x00000000ef100000, 0x0000000100000000)
  eden space 210432K, 43% used [0x00000000e0000000,0x00000000e59374b8,0x00000000ecd80000)
  from space 15872K, 99% used [0x00000000ecd80000,0x00000000edcff048,0x00000000edd00000)
  to   space 17408K, 0% used [0x00000000edd00000,0x00000000edd00000,0x00000000eee00000)
 ParOldGen       total 113152K, used 33932K [0x00000000a0000000, 0x00000000a6e80000, 0x00000000e0000000)
  object space 113152K, 29% used [0x00000000a0000000,0x00000000a2123248,0x00000000a6e80000)
 Metaspace       used 57039K, capacity 59014K, committed 59160K, reserved 1099776K
  class space    used 7798K, capacity 8235K, committed 8320K, reserved 1048576K
Event: 7.859 GC heap after
Heap after GC invocations=10 (full 2):
 PSYoungGen      total 227840K, used 17380K [0x00000000e0000000, 0x00000000ef100000, 0x0000000100000000)
  eden space 210432K, 0% used [0x00000000e0000000,0x00000000e0000000,0x00000000ecd80000)
  from space 17408K, 99% used [0x00000000edd00000,0x00000000eedf93b0,0x00000000eee00000)
  to   space 15872K, 0% used [0x00000000ecd80000,0x00000000ecd80000,0x00000000edd00000)
 ParOldGen       total 113152K, used 34945K [0x00000000a0000000, 0x00000000a6e80000, 0x00000000e0000000)
  object space 113152K, 30% used [0x00000000a0000000,0x00000000a2220458,0x00000000a6e80000)
 Metaspace       used 57039K, capacity 59014K, committed 59160K, reserved 1099776K
  class space    used 7798K, capacity 8235K, committed 8320K, reserved 1048576K
}
Event: 7.859 GC heap before
{Heap before GC invocations=11 (full 3):
 PSYoungGen      total 227840K, used 17380K [0x00000000e0000000, 0x00000000ef100000, 0x0000000100000000)
  eden space 210432K, 0% used [0x00000000e0000000,0x00000000e0000000,0x00000000ecd80000)
  from space 17408K, 99% used [0x00000000edd00000,0x00000000eedf93b0,0x00000000eee00000)
  to   space 15872K, 0% used [0x00000000ecd80000,0x00000000ecd80000,0x00000000edd00000)
 ParOldGen       total 113152K, used 34945K [0x00000000a0000000, 0x00000000a6e80000, 0x00000000e0000000)
  object space 113152K, 30% used [0x00000000a0000000,0x00000000a2220458,0x00000000a6e80000)
 Metaspace       used 57039K, capacity 59014K, committed 59160K, reserved 1099776K
  class space    used 7798K, capacity 8235K, committed 8320K, reserved 1048576K
Event: 8.001 GC heap after
Heap after GC invocations=11 (full 3):
 PSYoungGen      total 227840K, used 0K [0x00000000e0000000, 0x00000000ef100000, 0x0000000100000000)
  eden space 210432K, 0% used [0x00000000e0000000,0x00000000e0000000,0x00000000ecd80000)
  from space 17408K, 0% used [0x00000000edd00000,0x00000000edd00000,0x00000000eee00000)
  to   space 15872K, 0% used [0x00000000ecd80000,0x00000000ecd80000,0x00000000edd00000)
 ParOldGen       total 151040K, used 33110K [0x00000000a0000000, 0x00000000a9380000, 0x00000000e0000000)
  object space 151040K, 21% used [0x00000000a0000000,0x00000000a20559a8,0x00000000a9380000)
 Metaspace       used 57039K, capacity 59014K, committed 59160K, reserved 1099776K
  class space    used 7798K, capacity 8235K, committed 8320K, reserved 1048576K
}

